15:40:05.928 [main] DEBUG org.testng.TestNG - suiteXmlPath: "C:\Users\Rugvedi\eclipse-workspace\OpencartV121\master.xml"
15:40:06.122 [main] INFO  org.testng.internal.Utils - [TestNG] Running:
  C:\Users\Rugvedi\eclipse-workspace\OpencartV121\master.xml

15:40:10.081 [main] INFO  testCases.TC001_AccountRegistrationTest - *** Starting TC001_AccountRegistrationTest ***
15:40:10.692 [main] INFO  testCases.TC001_AccountRegistrationTest - licked on Create Account link..
15:40:10.694 [main] INFO  testCases.TC001_AccountRegistrationTest - Providing customer details..
15:40:12.033 [main] INFO  testCases.TC001_AccountRegistrationTest - Validating expected msg..
15:40:12.068 [main] ERROR testCases.TC001_AccountRegistrationTest - *Test Failed*
15:40:12.068 [main] DEBUG testCases.TC001_AccountRegistrationTest - Debug logs..
15:41:52.150 [main] DEBUG org.testng.TestNG - suiteXmlPath: "C:\Users\Rugvedi\eclipse-workspace\OpencartV121\master.xml"
15:41:52.349 [main] INFO  org.testng.internal.Utils - [TestNG] Running:
  C:\Users\Rugvedi\eclipse-workspace\OpencartV121\master.xml

15:41:56.143 [main] INFO  testCases.TC001_AccountRegistrationTest - *** Starting TC001_AccountRegistrationTest ***
15:41:56.757 [main] INFO  testCases.TC001_AccountRegistrationTest - licked on Create Account link..
15:41:56.759 [main] INFO  testCases.TC001_AccountRegistrationTest - Providing customer details..
15:41:58.133 [main] INFO  testCases.TC001_AccountRegistrationTest - Validating expected msg..
15:41:58.163 [main] INFO  testCases.TC001_AccountRegistrationTest - *** Finished TC001_AccountRegistrationTest ***
15:42:06.611 [main] DEBUG org.testng.TestNG - suiteXmlPath: "C:\Users\Rugvedi\eclipse-workspace\OpencartV121\crossBrowserTesting.xml"
15:42:06.828 [main] INFO  org.testng.internal.Utils - [TestNG] Running:
  C:\Users\Rugvedi\eclipse-workspace\OpencartV121\crossBrowserTesting.xml

15:42:10.863 [main] INFO  testCases.TC001_AccountRegistrationTest - *** Starting TC001_AccountRegistrationTest ***
15:42:11.527 [main] INFO  testCases.TC001_AccountRegistrationTest - licked on Create Account link..
15:42:11.528 [main] INFO  testCases.TC001_AccountRegistrationTest - Providing customer details..
15:42:12.919 [main] INFO  testCases.TC001_AccountRegistrationTest - Validating expected msg..
15:42:12.958 [main] INFO  testCases.TC001_AccountRegistrationTest - *** Finished TC001_AccountRegistrationTest ***
15:42:16.955 [main] INFO  testCases.TC001_AccountRegistrationTest - *** Starting TC001_AccountRegistrationTest ***
15:42:17.629 [main] INFO  testCases.TC001_AccountRegistrationTest - licked on Create Account link..
15:42:17.631 [main] INFO  testCases.TC001_AccountRegistrationTest - Providing customer details..
15:42:18.999 [main] INFO  testCases.TC001_AccountRegistrationTest - Validating expected msg..
15:42:19.034 [main] INFO  testCases.TC001_AccountRegistrationTest - *** Finished TC001_AccountRegistrationTest ***
15:42:26.689 [main] INFO  testCases.TC001_AccountRegistrationTest - *** Starting TC001_AccountRegistrationTest ***
15:42:27.454 [main] INFO  testCases.TC001_AccountRegistrationTest - licked on Create Account link..
15:42:27.455 [main] INFO  testCases.TC001_AccountRegistrationTest - Providing customer details..
15:42:28.607 [main] INFO  testCases.TC001_AccountRegistrationTest - Validating expected msg..
15:42:28.622 [main] INFO  testCases.TC001_AccountRegistrationTest - *** Finished TC001_AccountRegistrationTest ***
